c:\users\dasha\downloads\calc\calc\calc\x64\debug\calc.askform1.resources
c:\users\dasha\downloads\calc\calc\calc\x64\debug\calc.myform.resources
c:\users\afd-e\onedrive\рабочий стол\информатика\calc1\calc2\calc\x64\debug\calc.askform1.resources
c:\users\afd-e\onedrive\рабочий стол\информатика\calc1\calc2\calc\x64\debug\calc.myform.resources
c:\users\dasha\downloads\calc\calc\calc\x64\debug\vc142.pdb
c:\users\dasha\downloads\calc\calc\calc\x64\debug\myform.obj
c:\users\dasha\downloads\calc\calc\calc\x64\debug\askform1.obj
c:\users\afd-e\onedrive\рабочий стол\информатика\calc1\calc2\calc\x64\debug\vc142.pdb
c:\users\afd-e\onedrive\рабочий стол\информатика\calc1\calc2\calc\x64\debug\myform.obj
c:\users\afd-e\onedrive\рабочий стол\информатика\calc1\calc2\calc\x64\debug\askform1.obj
c:\users\dasha\downloads\calc\calc\x64\debug\calc.exe
c:\users\dasha\downloads\calc\calc\x64\debug\calc.pdb
c:\users\afd-e\onedrive\рабочий стол\информатика\calc1\calc2\x64\debug\calc.exe
c:\users\afd-e\onedrive\рабочий стол\информатика\calc1\calc2\x64\debug\calc.pdb
c:\users\afd-e\onedrive\рабочий стол\информатика\calc1\calc2\calc\x64\debug\calc.tlog\calc.write.1u.tlog
c:\users\afd-e\onedrive\рабочий стол\информатика\calc1\calc2\calc\x64\debug\calc.tlog\cl.command.1.tlog
c:\users\afd-e\onedrive\рабочий стол\информатика\calc1\calc2\calc\x64\debug\calc.tlog\cl.read.1.tlog
c:\users\afd-e\onedrive\рабочий стол\информатика\calc1\calc2\calc\x64\debug\calc.tlog\cl.write.1.tlog
c:\users\afd-e\onedrive\рабочий стол\информатика\calc1\calc2\calc\x64\debug\calc.tlog\link.command.1.tlog
c:\users\afd-e\onedrive\рабочий стол\информатика\calc1\calc2\calc\x64\debug\calc.tlog\link.read.1.tlog
c:\users\afd-e\onedrive\рабочий стол\информатика\calc1\calc2\calc\x64\debug\calc.tlog\link.write.1.tlog
c:\users\afd-e\onedrive\рабочий стол\информатика\calc1\calc2\calc\x64\debug\calc.tlog\metagen.read.1.tlog
c:\users\afd-e\onedrive\рабочий стол\информатика\calc1\calc2\calc\x64\debug\calc.tlog\metagen.write.1.tlog
